100
REQUEST 0 868
FREE 0
REQUEST 1 447
REQUEST 2 157
FREE 1
REQUEST 3 512
FREE 2
FREE 3
REQUEST 4 914
REQUEST 5 1807
REQUEST 6 86
FREE 6
REQUEST 7 3627
FREE 7
FREE 4
FREE 5
REQUEST 8 119
FREE 8
REQUEST 9 2185
REQUEST 10 440
FREE 10
REQUEST 11 1984
FREE 9
REQUEST 12 611
FREE 11
REQUEST 13 1367
REQUEST 14 693
FREE 14
FREE 12
FREE 13
REQUEST 15 169
REQUEST 16 3129
REQUEST 17 215
REQUEST 18 2009
FREE 15
FREE 16
FREE 17
FREE 18
REQUEST 19 58
FREE 19
REQUEST 20 723
REQUEST 21 777
REQUEST 22 152
FREE 22
FREE 21
REQUEST 23 3126
FREE 20
REQUEST 24 98
REQUEST 25 90
FREE 25
REQUEST 26 38
REQUEST 27 39
REQUEST 28 1440
FREE 27
FREE 26
FREE 28
REQUEST 29 34
FREE 29
REQUEST 30 103
REQUEST 31 425
REQUEST 32 889
FREE 30
FREE 32
REQUEST 33 218
FREE 31
FREE 33
REQUEST 34 656
FREE 34
FREE 23
REQUEST 35 2191
REQUEST 36 3107
FREE 35
FREE 36
REQUEST 37 1787
FREE 37
REQUEST 38 931
FREE 38
REQUEST 39 264
REQUEST 40 126
FREE 39
REQUEST 41 130
FREE 41
REQUEST 42 366
FREE 42
REQUEST 43 72
FREE 43
REQUEST 44 1786
FREE 44
FREE 24
REQUEST 45 48
FREE 45
REQUEST 46 935
FREE 46
REQUEST 47 186
FREE 47
REQUEST 48 865
FREE 48
FREE 40
REQUEST 49 2482
FREE 49
