60
REQUEST 0 415
REQUEST 1 1218
FREE 1
REQUEST 2 1241
REQUEST 3 1433
FREE 0
REQUEST 4 2694
REQUEST 5 1843
REQUEST 6 658
REQUEST 7 2245
REQUEST 8 3121
REQUEST 9 541
REQUEST 10 2540
REQUEST 11 2067
REQUEST 12 1895
REQUEST 13 1195
FREE 10
FREE 7
REQUEST 14 623
FREE 6
REQUEST 15 601
FREE 3
REQUEST 16 148
REQUEST 17 2628
REQUEST 18 126
FREE 11
FREE 9
FREE 12
FREE 15
REQUEST 19 135
FREE 14
REQUEST 20 2885
FREE 16
REQUEST 21 1120
REQUEST 22 829
FREE 21
FREE 17
REQUEST 23 60
FREE 23
REQUEST 24 3593
FREE 8
FREE 18
FREE 24
FREE 20
FREE 19
FREE 4
REQUEST 25 1744
REQUEST 26 2968
FREE 25
REQUEST 27 2792
FREE 2
FREE 5
FREE 22
REQUEST 28 2212
FREE 13
FREE 28
FREE 27
REQUEST 29 1494
FREE 26
FREE 29
