200
REQUEST 0 1312
REQUEST 1 2277
REQUEST 2 30
REQUEST 3 1122
REQUEST 4 540
FREE 4
FREE 0
REQUEST 5 58
REQUEST 6 213
REQUEST 7 1215
REQUEST 8 1352
REQUEST 9 52
FREE 5
FREE 9
FREE 2
FREE 6
FREE 3
FREE 7
REQUEST 10 996
FREE 8
FREE 10
REQUEST 11 99
REQUEST 12 34
REQUEST 13 91
REQUEST 14 1292
FREE 11
FREE 13
FREE 14
REQUEST 15 827
FREE 12
REQUEST 16 182
REQUEST 17 434
FREE 17
REQUEST 18 695
REQUEST 19 368
REQUEST 20 72
REQUEST 21 98
REQUEST 22 636
REQUEST 23 161
REQUEST 24 204
FREE 22
FREE 16
FREE 19
REQUEST 25 138
FREE 20
FREE 23
REQUEST 26 542
FREE 24
REQUEST 27 50
REQUEST 28 707
FREE 28
REQUEST 29 152
REQUEST 30 1200
FREE 27
FREE 29
FREE 30
FREE 26
REQUEST 31 1694
REQUEST 32 3307
REQUEST 33 454
REQUEST 34 81
FREE 34
FREE 31
FREE 32
REQUEST 35 139
FREE 35
REQUEST 36 173
REQUEST 37 53
FREE 33
REQUEST 38 1450
REQUEST 39 2384
REQUEST 40 115
FREE 38
FREE 40
FREE 37
REQUEST 41 1844
FREE 39
FREE 36
FREE 41
FREE 1
REQUEST 42 257
REQUEST 43 181
REQUEST 44 2131
REQUEST 45 3726
FREE 43
FREE 42
REQUEST 46 2581
FREE 45
REQUEST 47 33
FREE 25
FREE 46
REQUEST 48 120
REQUEST 49 2923
FREE 49
FREE 48
REQUEST 50 52
FREE 47
FREE 50
FREE 18
REQUEST 51 919
REQUEST 52 438
REQUEST 53 957
FREE 51
FREE 53
FREE 52
REQUEST 54 1548
FREE 54
REQUEST 55 1176
REQUEST 56 336
FREE 56
REQUEST 57 68
FREE 55
REQUEST 58 496
REQUEST 59 2950
FREE 57
REQUEST 60 135
FREE 60
REQUEST 61 535
FREE 58
FREE 59
REQUEST 62 1303
REQUEST 63 264
FREE 15
FREE 62
REQUEST 64 2494
FREE 64
REQUEST 65 3376
FREE 65
REQUEST 66 30
FREE 66
REQUEST 67 85
REQUEST 68 299
FREE 67
REQUEST 69 711
FREE 69
REQUEST 70 99
FREE 68
REQUEST 71 1555
FREE 71
FREE 70
FREE 61
REQUEST 72 134
REQUEST 73 45
REQUEST 74 1297
FREE 72
FREE 73
FREE 44
REQUEST 75 1081
REQUEST 76 38
FREE 76
FREE 75
REQUEST 77 1757
REQUEST 78 453
FREE 78
REQUEST 79 341
FREE 79
FREE 77
FREE 74
REQUEST 80 3019
FREE 80
FREE 63
REQUEST 81 552
FREE 81
REQUEST 82 1778
REQUEST 83 30
FREE 82
FREE 83
REQUEST 84 104
REQUEST 85 34
FREE 84
FREE 85
REQUEST 86 301
REQUEST 87 249
FREE 86
FREE 87
REQUEST 88 37
FREE 21
FREE 88
REQUEST 89 637
FREE 89
REQUEST 90 1124
FREE 90
REQUEST 91 183
FREE 91
REQUEST 92 121
FREE 92
REQUEST 93 48
FREE 93
REQUEST 94 191
FREE 94
REQUEST 95 912
REQUEST 96 86
FREE 96
REQUEST 97 72
FREE 97
REQUEST 98 81
FREE 98
REQUEST 99 2159
FREE 99
FREE 95
